The value: (Stickerkoning) does not exists
The value: (Stickerkoning) does not exists
The value: (Stickerkoning) does not exists
The value: (Stickerkoning) does not exists
The value: (Stickerkoning) does not exists
The value: (Stickerkoning) does not exists
The value: (Voerman) does not exists
The value: (Leovet) does not exists
The value: (Sectolin) does not exists
The value: (Bronchofit) does not exists
The value: (Bronchofit) does not exists
The value: (Sectolin) does not exists
The value: (PP) does not exists
The value: (PP) does not exists
The value: (BR) does not exists
The value: (Stubben) does not exists
The value: (E. Boneberger) does not exists
The value: (E. Boneberger) does not exists
The value: (E. Boneberger) does not exists
The value: (E. Boneberger) does not exists
The value: (E. Boneberger) does not exists
The value: (BR) does not exists
The value: (24) does not exists
The value: (24) does not exists
The value: (24) does not exists
The value: (24) does not exists
The value: (24) does not exists
The value: (24) does not exists
The value: (24) does not exists
The value: (24) does not exists
The value: (24) does not exists
The value: (Talisker Bay) does not exists
The value: (E. Boneberger) does not exists
The value: (19) does not exists
The value: (51) does not exists
The value: (49) does not exists
The value: (49) does not exists
The value: (19) does not exists
The value: (19) does not exists
The value: (19) does not exists
The value: (19) does not exists
The value: (19) does not exists
The value: (19) does not exists
The value: (19) does not exists
The value: (19) does not exists
The value: (19) does not exists
The value: (19) does not exists
The value: (19) does not exists
The value: (19) does not exists
The value: (19) does not exists
The value: (19) does not exists
The value: (19) does not exists
The value: (19) does not exists
